PCAD Importer Log
Project : MM5829-2700RJ4.LibPkg

Section : D:\Antenna Deploy\MM5829-2700RJ4\MM5829-2700RJ4.lia
    Section : PCB Library - MM5829-2700RJ4.PcbLib
        Section : Load Messages
            Warning - 1 : Skipping Token MM5829-2700RJ4 On Line 196
            Warning - 1 : Skipping Token attachedSymbol On Line 263
        EndSection

        Section : Import Messages
        EndSection
    EndSection

    Section : SCH Library - MM5829-2700RJ4.SchLib
        Section : Parsing Messages
            Warning - 1 : Skipping Token padStyleDef On Line 9
            Warning - 1 : Skipping Token padStyleDef On Line 21
            Warning - 1 : Skipping Token multiLayer On Line 96
            Warning - 1 : Skipping Token layerContents On Line 102
            Warning - 1 : Skipping Token layerContents On Line 128
            Warning - 1 : Skipping Token layerContents On Line 134
            Warning - 1 : Skipping Token layerContents On Line 160
            Warning - 1 : Skipping Token layerContents On Line 182
            Warning - 1 : Skipping Token layerContents On Line 188
        EndSection

        Section : Generating SCH Library - MM5829-2700RJ4.SchLib
        EndSection
    EndSection
EndSection
