PCAD Importer Log
Project : 5040500491.LibPkg

Section : D:\Antenna Deploy\PWR PINS\5040500491.lia
    Section : PCB Library - 5040500491.PcbLib
        Section : Load Messages
            Warning - 1 : Skipping Token 5040500491 On Line 142
            Warning - 1 : Skipping Token attachedSymbol On Line 229
        EndSection

        Section : Import Messages
            Warning - 0 : PCAD Pattern Graphics [*MOLEX_5040500491][Primary] associated with PCAD Component [5040500491] has been renamed to PCB FootPrint [*MOLEX_5040500491_5040500491(Primary)].
        EndSection
    EndSection

    Section : SCH Library - 5040500491.SchLib
        Section : Parsing Messages
            Warning - 1 : Skipping Token padStyleDef On Line 9
            Warning - 1 : Skipping Token padStyleDef On Line 21
            Warning - 1 : Skipping Token multiLayer On Line 96
            Warning - 1 : Skipping Token layerContents On Line 104
            Warning - 1 : Skipping Token layerContents On Line 113
            Warning - 1 : Skipping Token layerContents On Line 122
            Warning - 1 : Skipping Token layerContents On Line 130
        EndSection

        Section : Generating SCH Library - 5040500491.SchLib
            Warning - 0 : PCAD Pattern Graphics [*MOLEX_5040500491][Primary] associated with PCAD Component [5040500491] has been renamed to PCB FootPrint [*MOLEX_5040500491_5040500491(Primary)].
        EndSection
    EndSection
EndSection
